2026-07-12 22:16:09 [WARNING] aiogram.dispatcher: Sleep for 5.168125 seconds and try again... (tryings = 19179, bot id = 7851684074)
2026-07-12 22:16:15 [ERROR] aiogram.dispatcher: Failed to fetch updates - TelegramUnauthorizedError: Telegram server says - Unauthorized
2026-07-12 22:16:15 [WARNING] aiogram.dispatcher: Sleep for 5.054061 seconds and try again... (tryings = 19180, bot id = 7851684074)
2026-07-12 22:16:20 [ERROR] aiogram.dispatcher: Failed to fetch updates - TelegramUnauthorizedError: Telegram server says - Unauthorized
2026-07-12 22:16:20 [WARNING] aiogram.dispatcher: Sleep for 4.883529 seconds and try again... (tryings = 19181, bot id = 7851684074)
2026-07-12 22:16:25 [ERROR] aiogram.dispatcher: Failed to fetch updates - TelegramUnauthorizedError: Telegram server says - Unauthorized
2026-07-12 22:16:25 [WARNING] aiogram.dispatcher: Sleep for 5.060174 seconds and try again... (tryings = 19182, bot id = 7851684074)
2026-07-12 22:16:30 [ERROR] aiogram.dispatcher: Failed to fetch updates - TelegramUnauthorizedError: Telegram server says - Unauthorized
2026-07-12 22:16:30 [WARNING] aiogram.dispatcher: Sleep for 5.096555 seconds and try again... (tryings = 19183, bot id = 7851684074)
2026-07-12 22:16:35 [ERROR] aiogram.dispatcher: Failed to fetch updates - TelegramUnauthorizedError: Telegram server says - Unauthorized
2026-07-12 22:16:35 [WARNING] aiogram.dispatcher: Sleep for 4.949940 seconds and try again... (tryings = 19184, bot id = 7851684074)
2026-07-12 22:16:41 [ERROR] aiogram.dispatcher: Failed to fetch updates - TelegramUnauthorizedError: Telegram server says - Unauthorized
2026-07-12 22:16:41 [WARNING] aiogram.dispatcher: Sleep for 5.134768 seconds and try again... (tryings = 19185, bot id = 7851684074)
2026-07-12 22:16:46 [ERROR] aiogram.dispatcher: Failed to fetch updates - TelegramUnauthorizedError: Telegram server says - Unauthorized
2026-07-12 22:16:46 [WARNING] aiogram.dispatcher: Sleep for 5.011211 seconds and try again... (tryings = 19186, bot id = 7851684074)
2026-07-12 22:16:51 [ERROR] aiogram.dispatcher: Failed to fetch updates - TelegramUnauthorizedError: Telegram server says - Unauthorized
2026-07-12 22:16:51 [WARNING] aiogram.dispatcher: Sleep for 5.046711 seconds and try again... (tryings = 19187, bot id = 7851684074)
2026-07-12 22:16:52 [INFO] root: [GH-STATE] сохранено в GitHub, topics=14
2026-07-12 22:16:56 [ERROR] aiogram.dispatcher: Failed to fetch updates - TelegramUnauthorizedError: Telegram server says - Unauthorized
2026-07-12 22:16:56 [WARNING] aiogram.dispatcher: Sleep for 5.091880 seconds and try again... (tryings = 19188, bot id = 7851684074)
2026-07-12 22:17:01 [ERROR] aiogram.dispatcher: Failed to fetch updates - TelegramUnauthorizedError: Telegram server says - Unauthorized
2026-07-12 22:17:01 [WARNING] aiogram.dispatcher: Sleep for 5.017065 seconds and try again... (tryings = 19189, bot id = 7851684074)
2026-07-12 22:17:07 [ERROR] aiogram.dispatcher: Failed to fetch updates - TelegramUnauthorizedError: Telegram server says - Unauthorized
2026-07-12 22:17:07 [WARNING] aiogram.dispatcher: Sleep for 4.835540 seconds and try again... (tryings = 19190, bot id = 7851684074)
2026-07-12 22:17:12 [ERROR] aiogram.dispatcher: Failed to fetch updates - TelegramUnauthorizedError: Telegram server says - Unauthorized
2026-07-12 22:17:12 [WARNING] aiogram.dispatcher: Sleep for 5.047739 seconds and try again... (tryings = 19191, bot id = 7851684074)
2026-07-12 22:17:15 [INFO] root: [GH-LOG] логи запушены в GitHub (500 строк)
2026-07-12 22:17:17 [ERROR] aiogram.dispatcher: Failed to fetch updates - TelegramUnauthorizedError: Telegram server says - Unauthorized
2026-07-12 22:17:17 [WARNING] aiogram.dispatcher: Sleep for 5.032734 seconds and try again... (tryings = 19192, bot id = 7851684074)
2026-07-12 22:17:22 [ERROR] aiogram.dispatcher: Failed to fetch updates - TelegramUnauthorizedError: Telegram server says - Unauthorized
2026-07-12 22:17:22 [WARNING] aiogram.dispatcher: Sleep for 5.048164 seconds and try again... (tryings = 19193, bot id = 7851684074)
2026-07-12 22:17:27 [ERROR] aiogram.dispatcher: Failed to fetch updates - TelegramUnauthorizedError: Telegram server says - Unauthorized
2026-07-12 22:17:27 [WARNING] aiogram.dispatcher: Sleep for 4.932542 seconds and try again... (tryings = 19194, bot id = 7851684074)
2026-07-12 22:17:32 [ERROR] aiogram.dispatcher: Failed to fetch updates - TelegramUnauthorizedError: Telegram server says - Unauthorized
2026-07-12 22:17:32 [WARNING] aiogram.dispatcher: Sleep for 4.774944 seconds and try again... (tryings = 19195, bot id = 7851684074)
2026-07-12 22:17:37 [ERROR] aiogram.dispatcher: Failed to fetch updates - TelegramUnauthorizedError: Telegram server says - Unauthorized
2026-07-12 22:17:37 [WARNING] aiogram.dispatcher: Sleep for 4.982139 seconds and try again... (tryings = 19196, bot id = 7851684074)
2026-07-12 22:17:42 [ERROR] aiogram.dispatcher: Failed to fetch updates - TelegramUnauthorizedError: Telegram server says - Unauthorized
2026-07-12 22:17:42 [WARNING] aiogram.dispatcher: Sleep for 5.047755 seconds and try again... (tryings = 19197, bot id = 7851684074)
2026-07-12 22:17:47 [ERROR] aiogram.dispatcher: Failed to fetch updates - TelegramUnauthorizedError: Telegram server says - Unauthorized
2026-07-12 22:17:47 [WARNING] aiogram.dispatcher: Sleep for 5.125992 seconds and try again... (tryings = 19198, bot id = 7851684074)
2026-07-12 22:17:53 [ERROR] aiogram.dispatcher: Failed to fetch updates - TelegramUnauthorizedError: Telegram server says - Unauthorized
2026-07-12 22:17:53 [WARNING] aiogram.dispatcher: Sleep for 5.125487 seconds and try again... (tryings = 19199, bot id = 7851684074)
2026-07-12 22:17:58 [ERROR] aiogram.dispatcher: Failed to fetch updates - TelegramUnauthorizedError: Telegram server says - Unauthorized
2026-07-12 22:17:58 [WARNING] aiogram.dispatcher: Sleep for 5.129598 seconds and try again... (tryings = 19200, bot id = 7851684074)
2026-07-12 22:18:03 [ERROR] aiogram.dispatcher: Failed to fetch updates - TelegramUnauthorizedError: Telegram server says - Unauthorized
2026-07-12 22:18:03 [WARNING] aiogram.dispatcher: Sleep for 5.013887 seconds and try again... (tryings = 19201, bot id = 7851684074)
2026-07-12 22:18:08 [ERROR] aiogram.dispatcher: Failed to fetch updates - TelegramUnauthorizedError: Telegram server says - Unauthorized
2026-07-12 22:18:08 [WARNING] aiogram.dispatcher: Sleep for 5.008465 seconds and try again... (tryings = 19202, bot id = 7851684074)
2026-07-12 22:18:14 [ERROR] aiogram.dispatcher: Failed to fetch updates - TelegramUnauthorizedError: Telegram server says - Unauthorized
2026-07-12 22:18:14 [WARNING] aiogram.dispatcher: Sleep for 5.044261 seconds and try again... (tryings = 19203, bot id = 7851684074)
2026-07-12 22:18:19 [ERROR] aiogram.dispatcher: Failed to fetch updates - TelegramUnauthorizedError: Telegram server says - Unauthorized
2026-07-12 22:18:19 [WARNING] aiogram.dispatcher: Sleep for 4.950351 seconds and try again... (tryings = 19204, bot id = 7851684074)
2026-07-12 22:18:24 [ERROR] aiogram.dispatcher: Failed to fetch updates - TelegramUnauthorizedError: Telegram server says - Unauthorized
2026-07-12 22:18:24 [WARNING] aiogram.dispatcher: Sleep for 4.933782 seconds and try again... (tryings = 19205, bot id = 7851684074)
2026-07-12 22:18:29 [ERROR] aiogram.dispatcher: Failed to fetch updates - TelegramUnauthorizedError: Telegram server says - Unauthorized
2026-07-12 22:18:29 [WARNING] aiogram.dispatcher: Sleep for 4.941971 seconds and try again... (tryings = 19206, bot id = 7851684074)
2026-07-12 22:18:34 [ERROR] aiogram.dispatcher: Failed to fetch updates - TelegramUnauthorizedError: Telegram server says - Unauthorized
2026-07-12 22:18:34 [WARNING] aiogram.dispatcher: Sleep for 5.042104 seconds and try again... (tryings = 19207, bot id = 7851684074)
2026-07-12 22:18:39 [ERROR] aiogram.dispatcher: Failed to fetch updates - TelegramUnauthorizedError: Telegram server says - Unauthorized
2026-07-12 22:18:39 [WARNING] aiogram.dispatcher: Sleep for 4.941135 seconds and try again... (tryings = 19208, bot id = 7851684074)
2026-07-12 22:18:44 [ERROR] aiogram.dispatcher: Failed to fetch updates - TelegramUnauthorizedError: Telegram server says - Unauthorized
2026-07-12 22:18:44 [WARNING] aiogram.dispatcher: Sleep for 5.053660 seconds and try again... (tryings = 19209, bot id = 7851684074)
2026-07-12 22:18:50 [ERROR] aiogram.dispatcher: Failed to fetch updates - TelegramUnauthorizedError: Telegram server says - Unauthorized
2026-07-12 22:18:50 [WARNING] aiogram.dispatcher: Sleep for 4.834792 seconds and try again... (tryings = 19210, bot id = 7851684074)
2026-07-12 22:18:55 [ERROR] aiogram.dispatcher: Failed to fetch updates - TelegramUnauthorizedError: Telegram server says - Unauthorized
2026-07-12 22:18:55 [WARNING] aiogram.dispatcher: Sleep for 5.104851 seconds and try again... (tryings = 19211, bot id = 7851684074)
2026-07-12 22:19:00 [ERROR] aiogram.dispatcher: Failed to fetch updates - TelegramUnauthorizedError: Telegram server says - Unauthorized
2026-07-12 22:19:00 [WARNING] aiogram.dispatcher: Sleep for 5.031459 seconds and try again... (tryings = 19212, bot id = 7851684074)
2026-07-12 22:19:05 [ERROR] aiogram.dispatcher: Failed to fetch updates - TelegramUnauthorizedError: Telegram server says - Unauthorized
2026-07-12 22:19:05 [WARNING] aiogram.dispatcher: Sleep for 5.025111 seconds and try again... (tryings = 19213, bot id = 7851684074)
2026-07-12 22:19:10 [ERROR] aiogram.dispatcher: Failed to fetch updates - TelegramUnauthorizedError: Telegram server says - Unauthorized
2026-07-12 22:19:10 [WARNING] aiogram.dispatcher: Sleep for 5.015384 seconds and try again... (tryings = 19214, bot id = 7851684074)
2026-07-12 22:19:15 [ERROR] aiogram.dispatcher: Failed to fetch updates - TelegramUnauthorizedError: Telegram server says - Unauthorized
2026-07-12 22:19:15 [WARNING] aiogram.dispatcher: Sleep for 5.015927 seconds and try again... (tryings = 19215, bot id = 7851684074)
2026-07-12 22:19:20 [ERROR] aiogram.dispatcher: Failed to fetch updates - TelegramUnauthorizedError: Telegram server says - Unauthorized
2026-07-12 22:19:20 [WARNING] aiogram.dispatcher: Sleep for 4.923824 seconds and try again... (tryings = 19216, bot id = 7851684074)
2026-07-12 22:19:26 [ERROR] aiogram.dispatcher: Failed to fetch updates - TelegramUnauthorizedError: Telegram server says - Unauthorized
2026-07-12 22:19:26 [WARNING] aiogram.dispatcher: Sleep for 4.936892 seconds and try again... (tryings = 19217, bot id = 7851684074)
2026-07-12 22:19:31 [ERROR] aiogram.dispatcher: Failed to fetch updates - TelegramUnauthorizedError: Telegram server says - Unauthorized
2026-07-12 22:19:31 [WARNING] aiogram.dispatcher: Sleep for 4.900530 seconds and try again... (tryings = 19218, bot id = 7851684074)
2026-07-12 22:19:36 [ERROR] aiogram.dispatcher: Failed to fetch updates - TelegramUnauthorizedError: Telegram server says - Unauthorized
2026-07-12 22:19:36 [WARNING] aiogram.dispatcher: Sleep for 5.009444 seconds and try again... (tryings = 19219, bot id = 7851684074)
2026-07-12 22:19:41 [ERROR] aiogram.dispatcher: Failed to fetch updates - TelegramUnauthorizedError: Telegram server says - Unauthorized
2026-07-12 22:19:41 [WARNING] aiogram.dispatcher: Sleep for 5.170791 seconds and try again... (tryings = 19220, bot id = 7851684074)
2026-07-12 22:19:46 [ERROR] aiogram.dispatcher: Failed to fetch updates - TelegramUnauthorizedError: Telegram server says - Unauthorized
2026-07-12 22:19:46 [WARNING] aiogram.dispatcher: Sleep for 5.122842 seconds and try again... (tryings = 19221, bot id = 7851684074)
2026-07-12 22:19:51 [ERROR] aiogram.dispatcher: Failed to fetch updates - TelegramUnauthorizedError: Telegram server says - Unauthorized
2026-07-12 22:19:51 [WARNING] aiogram.dispatcher: Sleep for 4.805907 seconds and try again... (tryings = 19222, bot id = 7851684074)
2026-07-12 22:19:56 [ERROR] aiogram.dispatcher: Failed to fetch updates - TelegramUnauthorizedError: Telegram server says - Unauthorized
2026-07-12 22:19:56 [WARNING] aiogram.dispatcher: Sleep for 4.937460 seconds and try again... (tryings = 19223, bot id = 7851684074)
2026-07-12 22:20:01 [ERROR] aiogram.dispatcher: Failed to fetch updates - TelegramUnauthorizedError: Telegram server says - Unauthorized
2026-07-12 22:20:01 [WARNING] aiogram.dispatcher: Sleep for 5.005004 seconds and try again... (tryings = 19224, bot id = 7851684074)
2026-07-12 22:20:07 [ERROR] aiogram.dispatcher: Failed to fetch updates - TelegramUnauthorizedError: Telegram server says - Unauthorized
2026-07-12 22:20:07 [WARNING] aiogram.dispatcher: Sleep for 4.932242 seconds and try again... (tryings = 19225, bot id = 7851684074)
2026-07-12 22:20:12 [ERROR] aiogram.dispatcher: Failed to fetch updates - TelegramUnauthorizedError: Telegram server says - Unauthorized
2026-07-12 22:20:12 [WARNING] aiogram.dispatcher: Sleep for 5.054659 seconds and try again... (tryings = 19226, bot id = 7851684074)
2026-07-12 22:20:17 [ERROR] aiogram.dispatcher: Failed to fetch updates - TelegramUnauthorizedError: Telegram server says - Unauthorized
2026-07-12 22:20:17 [WARNING] aiogram.dispatcher: Sleep for 5.028143 seconds and try again... (tryings = 19227, bot id = 7851684074)
2026-07-12 22:20:22 [ERROR] aiogram.dispatcher: Failed to fetch updates - TelegramUnauthorizedError: Telegram server says - Unauthorized
2026-07-12 22:20:22 [WARNING] aiogram.dispatcher: Sleep for 4.799023 seconds and try again... (tryings = 19228, bot id = 7851684074)
2026-07-12 22:20:27 [ERROR] aiogram.dispatcher: Failed to fetch updates - TelegramUnauthorizedError: Telegram server says - Unauthorized
2026-07-12 22:20:27 [WARNING] aiogram.dispatcher: Sleep for 5.123917 seconds and try again... (tryings = 19229, bot id = 7851684074)
2026-07-12 22:20:32 [ERROR] aiogram.dispatcher: Failed to fetch updates - TelegramUnauthorizedError: Telegram server says - Unauthorized
2026-07-12 22:20:32 [WARNING] aiogram.dispatcher: Sleep for 4.761297 seconds and try again... (tryings = 19230, bot id = 7851684074)
2026-07-12 22:20:37 [ERROR] aiogram.dispatcher: Failed to fetch updates - TelegramUnauthorizedError: Telegram server says - Unauthorized
2026-07-12 22:20:37 [WARNING] aiogram.dispatcher: Sleep for 4.931761 seconds and try again... (tryings = 19231, bot id = 7851684074)
2026-07-12 22:20:42 [ERROR] aiogram.dispatcher: Failed to fetch updates - TelegramUnauthorizedError: Telegram server says - Unauthorized
2026-07-12 22:20:42 [WARNING] aiogram.dispatcher: Sleep for 4.908499 seconds and try again... (tryings = 19232, bot id = 7851684074)
2026-07-12 22:20:47 [ERROR] aiogram.dispatcher: Failed to fetch updates - TelegramUnauthorizedError: Telegram server says - Unauthorized
2026-07-12 22:20:47 [WARNING] aiogram.dispatcher: Sleep for 4.934211 seconds and try again... (tryings = 19233, bot id = 7851684074)
2026-07-12 22:20:52 [ERROR] aiogram.dispatcher: Failed to fetch updates - TelegramUnauthorizedError: Telegram server says - Unauthorized
2026-07-12 22:20:52 [WARNING] aiogram.dispatcher: Sleep for 5.073768 seconds and try again... (tryings = 19234, bot id = 7851684074)
2026-07-12 22:20:58 [ERROR] aiogram.dispatcher: Failed to fetch updates - TelegramUnauthorizedError: Telegram server says - Unauthorized
2026-07-12 22:20:58 [WARNING] aiogram.dispatcher: Sleep for 4.979147 seconds and try again... (tryings = 19235, bot id = 7851684074)
2026-07-12 22:21:03 [ERROR] aiogram.dispatcher: Failed to fetch updates - TelegramUnauthorizedError: Telegram server says - Unauthorized
2026-07-12 22:21:03 [WARNING] aiogram.dispatcher: Sleep for 4.993835 seconds and try again... (tryings = 19236, bot id = 7851684074)
2026-07-12 22:21:08 [ERROR] aiogram.dispatcher: Failed to fetch updates - TelegramUnauthorizedError: Telegram server says - Unauthorized
2026-07-12 22:21:08 [WARNING] aiogram.dispatcher: Sleep for 4.958841 seconds and try again... (tryings = 19237, bot id = 7851684074)
2026-07-12 22:21:13 [ERROR] aiogram.dispatcher: Failed to fetch updates - TelegramUnauthorizedError: Telegram server says - Unauthorized
2026-07-12 22:21:13 [WARNING] aiogram.dispatcher: Sleep for 5.005743 seconds and try again... (tryings = 19238, bot id = 7851684074)
2026-07-12 22:21:18 [ERROR] aiogram.dispatcher: Failed to fetch updates - TelegramUnauthorizedError: Telegram server says - Unauthorized
2026-07-12 22:21:18 [WARNING] aiogram.dispatcher: Sleep for 4.900584 seconds and try again... (tryings = 19239, bot id = 7851684074)
2026-07-12 22:21:23 [ERROR] aiogram.dispatcher: Failed to fetch updates - TelegramUnauthorizedError: Telegram server says - Unauthorized
2026-07-12 22:21:23 [WARNING] aiogram.dispatcher: Sleep for 4.897567 seconds and try again... (tryings = 19240, bot id = 7851684074)
2026-07-12 22:21:28 [ERROR] aiogram.dispatcher: Failed to fetch updates - TelegramUnauthorizedError: Telegram server says - Unauthorized
2026-07-12 22:21:28 [WARNING] aiogram.dispatcher: Sleep for 5.186050 seconds and try again... (tryings = 19241, bot id = 7851684074)
2026-07-12 22:21:34 [ERROR] aiogram.dispatcher: Failed to fetch updates - TelegramUnauthorizedError: Telegram server says - Unauthorized
2026-07-12 22:21:34 [WARNING] aiogram.dispatcher: Sleep for 4.936245 seconds and try again... (tryings = 19242, bot id = 7851684074)
2026-07-12 22:21:39 [ERROR] aiogram.dispatcher: Failed to fetch updates - TelegramUnauthorizedError: Telegram server says - Unauthorized
2026-07-12 22:21:39 [WARNING] aiogram.dispatcher: Sleep for 4.748530 seconds and try again... (tryings = 19243, bot id = 7851684074)
2026-07-12 22:21:43 [ERROR] aiogram.dispatcher: Failed to fetch updates - TelegramUnauthorizedError: Telegram server says - Unauthorized
2026-07-12 22:21:43 [WARNING] aiogram.dispatcher: Sleep for 4.916186 seconds and try again... (tryings = 19244, bot id = 7851684074)
2026-07-12 22:21:49 [ERROR] aiogram.dispatcher: Failed to fetch updates - TelegramUnauthorizedError: Telegram server says - Unauthorized
2026-07-12 22:21:49 [WARNING] aiogram.dispatcher: Sleep for 4.953547 seconds and try again... (tryings = 19245, bot id = 7851684074)
2026-07-12 22:21:54 [ERROR] aiogram.dispatcher: Failed to fetch updates - TelegramUnauthorizedError: Telegram server says - Unauthorized
2026-07-12 22:21:54 [WARNING] aiogram.dispatcher: Sleep for 4.752015 seconds and try again... (tryings = 19246, bot id = 7851684074)
2026-07-12 22:21:59 [ERROR] aiogram.dispatcher: Failed to fetch updates - TelegramUnauthorizedError: Telegram server says - Unauthorized
2026-07-12 22:21:59 [WARNING] aiogram.dispatcher: Sleep for 4.874284 seconds and try again... (tryings = 19247, bot id = 7851684074)
2026-07-12 22:22:04 [ERROR] aiogram.dispatcher: Failed to fetch updates - TelegramUnauthorizedError: Telegram server says - Unauthorized
2026-07-12 22:22:04 [WARNING] aiogram.dispatcher: Sleep for 4.876799 seconds and try again... (tryings = 19248, bot id = 7851684074)
2026-07-12 22:22:09 [ERROR] aiogram.dispatcher: Failed to fetch updates - TelegramUnauthorizedError: Telegram server says - Unauthorized
2026-07-12 22:22:09 [WARNING] aiogram.dispatcher: Sleep for 4.951245 seconds and try again... (tryings = 19249, bot id = 7851684074)
2026-07-12 22:22:14 [ERROR] aiogram.dispatcher: Failed to fetch updates - TelegramUnauthorizedError: Telegram server says - Unauthorized
2026-07-12 22:22:14 [WARNING] aiogram.dispatcher: Sleep for 5.061119 seconds and try again... (tryings = 19250, bot id = 7851684074)
2026-07-12 22:22:16 [INFO] root: [GH-LOG] логи запушены в GitHub (500 строк)
2026-07-12 22:22:19 [ERROR] aiogram.dispatcher: Failed to fetch updates - TelegramUnauthorizedError: Telegram server says - Unauthorized
2026-07-12 22:22:19 [WARNING] aiogram.dispatcher: Sleep for 5.063855 seconds and try again... (tryings = 19251, bot id = 7851684074)
2026-07-12 22:22:24 [ERROR] aiogram.dispatcher: Failed to fetch updates - TelegramUnauthorizedError: Telegram server says - Unauthorized
2026-07-12 22:22:24 [WARNING] aiogram.dispatcher: Sleep for 4.958910 seconds and try again... (tryings = 19252, bot id = 7851684074)
2026-07-12 22:22:29 [ERROR] aiogram.dispatcher: Failed to fetch updates - TelegramUnauthorizedError: Telegram server says - Unauthorized
2026-07-12 22:22:29 [WARNING] aiogram.dispatcher: Sleep for 5.073275 seconds and try again... (tryings = 19253, bot id = 7851684074)
2026-07-12 22:22:34 [ERROR] aiogram.dispatcher: Failed to fetch updates - TelegramUnauthorizedError: Telegram server says - Unauthorized
2026-07-12 22:22:34 [WARNING] aiogram.dispatcher: Sleep for 5.067428 seconds and try again... (tryings = 19254, bot id = 7851684074)
2026-07-12 22:22:40 [ERROR] aiogram.dispatcher: Failed to fetch updates - TelegramUnauthorizedError: Telegram server says - Unauthorized
2026-07-12 22:22:40 [WARNING] aiogram.dispatcher: Sleep for 4.818139 seconds and try again... (tryings = 19255, bot id = 7851684074)
2026-07-12 22:22:45 [ERROR] aiogram.dispatcher: Failed to fetch updates - TelegramUnauthorizedError: Telegram server says - Unauthorized
2026-07-12 22:22:45 [WARNING] aiogram.dispatcher: Sleep for 4.956254 seconds and try again... (tryings = 19256, bot id = 7851684074)
2026-07-12 22:22:50 [ERROR] aiogram.dispatcher: Failed to fetch updates - TelegramUnauthorizedError: Telegram server says - Unauthorized
2026-07-12 22:22:50 [WARNING] aiogram.dispatcher: Sleep for 4.994224 seconds and try again... (tryings = 19257, bot id = 7851684074)
2026-07-12 22:22:55 [ERROR] aiogram.dispatcher: Failed to fetch updates - TelegramUnauthorizedError: Telegram server says - Unauthorized
2026-07-12 22:22:55 [WARNING] aiogram.dispatcher: Sleep for 4.858450 seconds and try again... (tryings = 19258, bot id = 7851684074)
2026-07-12 22:23:00 [ERROR] aiogram.dispatcher: Failed to fetch updates - TelegramUnauthorizedError: Telegram server says - Unauthorized
2026-07-12 22:23:00 [WARNING] aiogram.dispatcher: Sleep for 4.948166 seconds and try again... (tryings = 19259, bot id = 7851684074)
2026-07-12 22:23:05 [ERROR] aiogram.dispatcher: Failed to fetch updates - TelegramUnauthorizedError: Telegram server says - Unauthorized
2026-07-12 22:23:05 [WARNING] aiogram.dispatcher: Sleep for 4.927895 seconds and try again... (tryings = 19260, bot id = 7851684074)
2026-07-12 22:23:10 [ERROR] aiogram.dispatcher: Failed to fetch updates - TelegramUnauthorizedError: Telegram server says - Unauthorized
2026-07-12 22:23:10 [WARNING] aiogram.dispatcher: Sleep for 5.071595 seconds and try again... (tryings = 19261, bot id = 7851684074)
2026-07-12 22:23:15 [ERROR] aiogram.dispatcher: Failed to fetch updates - TelegramUnauthorizedError: Telegram server says - Unauthorized
2026-07-12 22:23:15 [WARNING] aiogram.dispatcher: Sleep for 4.920684 seconds and try again... (tryings = 19262, bot id = 7851684074)
2026-07-12 22:23:20 [ERROR] aiogram.dispatcher: Failed to fetch updates - TelegramUnauthorizedError: Telegram server says - Unauthorized
2026-07-12 22:23:20 [WARNING] aiogram.dispatcher: Sleep for 5.090723 seconds and try again... (tryings = 19263, bot id = 7851684074)
2026-07-12 22:23:26 [ERROR] aiogram.dispatcher: Failed to fetch updates - TelegramUnauthorizedError: Telegram server says - Unauthorized
2026-07-12 22:23:26 [WARNING] aiogram.dispatcher: Sleep for 4.755757 seconds and try again... (tryings = 19264, bot id = 7851684074)
2026-07-12 22:23:30 [ERROR] aiogram.dispatcher: Failed to fetch updates - TelegramUnauthorizedError: Telegram server says - Unauthorized
2026-07-12 22:23:30 [WARNING] aiogram.dispatcher: Sleep for 5.003549 seconds and try again... (tryings = 19265, bot id = 7851684074)
2026-07-12 22:23:36 [ERROR] aiogram.dispatcher: Failed to fetch updates - TelegramUnauthorizedError: Telegram server says - Unauthorized
2026-07-12 22:23:36 [WARNING] aiogram.dispatcher: Sleep for 4.919537 seconds and try again... (tryings = 19266, bot id = 7851684074)
2026-07-12 22:23:41 [ERROR] aiogram.dispatcher: Failed to fetch updates - TelegramUnauthorizedError: Telegram server says - Unauthorized
2026-07-12 22:23:41 [WARNING] aiogram.dispatcher: Sleep for 5.186478 seconds and try again... (tryings = 19267, bot id = 7851684074)
2026-07-12 22:23:46 [ERROR] aiogram.dispatcher: Failed to fetch updates - TelegramUnauthorizedError: Telegram server says - Unauthorized
2026-07-12 22:23:46 [WARNING] aiogram.dispatcher: Sleep for 5.269029 seconds and try again... (tryings = 19268, bot id = 7851684074)
2026-07-12 22:23:51 [ERROR] aiogram.dispatcher: Failed to fetch updates - TelegramUnauthorizedError: Telegram server says - Unauthorized
2026-07-12 22:23:51 [WARNING] aiogram.dispatcher: Sleep for 4.924675 seconds and try again... (tryings = 19269, bot id = 7851684074)
2026-07-12 22:23:56 [ERROR] aiogram.dispatcher: Failed to fetch updates - TelegramUnauthorizedError: Telegram server says - Unauthorized
2026-07-12 22:23:56 [WARNING] aiogram.dispatcher: Sleep for 4.834500 seconds and try again... (tryings = 19270, bot id = 7851684074)
2026-07-12 22:24:01 [ERROR] aiogram.dispatcher: Failed to fetch updates - TelegramUnauthorizedError: Telegram server says - Unauthorized
2026-07-12 22:24:01 [WARNING] aiogram.dispatcher: Sleep for 5.119102 seconds and try again... (tryings = 19271, bot id = 7851684074)
2026-07-12 22:24:07 [ERROR] aiogram.dispatcher: Failed to fetch updates - TelegramUnauthorizedError: Telegram server says - Unauthorized
2026-07-12 22:24:07 [WARNING] aiogram.dispatcher: Sleep for 5.043064 seconds and try again... (tryings = 19272, bot id = 7851684074)
2026-07-12 22:24:12 [ERROR] aiogram.dispatcher: Failed to fetch updates - TelegramUnauthorizedError: Telegram server says - Unauthorized
2026-07-12 22:24:12 [WARNING] aiogram.dispatcher: Sleep for 4.981791 seconds and try again... (tryings = 19273, bot id = 7851684074)
2026-07-12 22:24:17 [ERROR] aiogram.dispatcher: Failed to fetch updates - TelegramUnauthorizedError: Telegram server says - Unauthorized
2026-07-12 22:24:17 [WARNING] aiogram.dispatcher: Sleep for 5.138913 seconds and try again... (tryings = 19274, bot id = 7851684074)
2026-07-12 22:24:23 [ERROR] aiogram.dispatcher: Failed to fetch updates - TelegramUnauthorizedError: Telegram server says - Unauthorized
2026-07-12 22:24:23 [WARNING] aiogram.dispatcher: Sleep for 4.818221 seconds and try again... (tryings = 19275, bot id = 7851684074)
2026-07-12 22:24:28 [ERROR] aiogram.dispatcher: Failed to fetch updates - TelegramUnauthorizedError: Telegram server says - Unauthorized
2026-07-12 22:24:28 [WARNING] aiogram.dispatcher: Sleep for 5.018106 seconds and try again... (tryings = 19276, bot id = 7851684074)
2026-07-12 22:24:33 [ERROR] aiogram.dispatcher: Failed to fetch updates - TelegramUnauthorizedError: Telegram server says - Unauthorized
2026-07-12 22:24:33 [WARNING] aiogram.dispatcher: Sleep for 4.871933 seconds and try again... (tryings = 19277, bot id = 7851684074)
2026-07-12 22:24:38 [ERROR] aiogram.dispatcher: Failed to fetch updates - TelegramUnauthorizedError: Telegram server says - Unauthorized
2026-07-12 22:24:38 [WARNING] aiogram.dispatcher: Sleep for 5.086130 seconds and try again... (tryings = 19278, bot id = 7851684074)
2026-07-12 22:24:43 [ERROR] aiogram.dispatcher: Failed to fetch updates - TelegramUnauthorizedError: Telegram server says - Unauthorized
2026-07-12 22:24:43 [WARNING] aiogram.dispatcher: Sleep for 4.890423 seconds and try again... (tryings = 19279, bot id = 7851684074)
2026-07-12 22:24:48 [ERROR] aiogram.dispatcher: Failed to fetch updates - TelegramUnauthorizedError: Telegram server says - Unauthorized
2026-07-12 22:24:48 [WARNING] aiogram.dispatcher: Sleep for 5.057934 seconds and try again... (tryings = 19280, bot id = 7851684074)
2026-07-12 22:24:53 [ERROR] aiogram.dispatcher: Failed to fetch updates - TelegramUnauthorizedError: Telegram server says - Unauthorized
2026-07-12 22:24:53 [WARNING] aiogram.dispatcher: Sleep for 5.003106 seconds and try again... (tryings = 19281, bot id = 7851684074)
2026-07-12 22:24:58 [ERROR] aiogram.dispatcher: Failed to fetch updates - TelegramUnauthorizedError: Telegram server says - Unauthorized
2026-07-12 22:24:58 [WARNING] aiogram.dispatcher: Sleep for 5.025261 seconds and try again... (tryings = 19282, bot id = 7851684074)
2026-07-12 22:25:04 [ERROR] aiogram.dispatcher: Failed to fetch updates - TelegramUnauthorizedError: Telegram server says - Unauthorized
2026-07-12 22:25:04 [WARNING] aiogram.dispatcher: Sleep for 5.035442 seconds and try again... (tryings = 19283, bot id = 7851684074)
2026-07-12 22:25:09 [ERROR] aiogram.dispatcher: Failed to fetch updates - TelegramUnauthorizedError: Telegram server says - Unauthorized
2026-07-12 22:25:09 [WARNING] aiogram.dispatcher: Sleep for 5.008068 seconds and try again... (tryings = 19284, bot id = 7851684074)
2026-07-12 22:25:14 [ERROR] aiogram.dispatcher: Failed to fetch updates - TelegramUnauthorizedError: Telegram server says - Unauthorized
2026-07-12 22:25:14 [WARNING] aiogram.dispatcher: Sleep for 5.020055 seconds and try again... (tryings = 19285, bot id = 7851684074)
2026-07-12 22:25:19 [ERROR] aiogram.dispatcher: Failed to fetch updates - TelegramUnauthorizedError: Telegram server says - Unauthorized
2026-07-12 22:25:19 [WARNING] aiogram.dispatcher: Sleep for 5.123513 seconds and try again... (tryings = 19286, bot id = 7851684074)
2026-07-12 22:25:24 [ERROR] aiogram.dispatcher: Failed to fetch updates - TelegramUnauthorizedError: Telegram server says - Unauthorized
2026-07-12 22:25:24 [WARNING] aiogram.dispatcher: Sleep for 4.934273 seconds and try again... (tryings = 19287, bot id = 7851684074)
2026-07-12 22:25:29 [ERROR] aiogram.dispatcher: Failed to fetch updates - TelegramUnauthorizedError: Telegram server says - Unauthorized
2026-07-12 22:25:29 [WARNING] aiogram.dispatcher: Sleep for 5.126108 seconds and try again... (tryings = 19288, bot id = 7851684074)
2026-07-12 22:25:35 [ERROR] aiogram.dispatcher: Failed to fetch updates - TelegramUnauthorizedError: Telegram server says - Unauthorized
2026-07-12 22:25:35 [WARNING] aiogram.dispatcher: Sleep for 5.034938 seconds and try again... (tryings = 19289, bot id = 7851684074)
2026-07-12 22:25:40 [ERROR] aiogram.dispatcher: Failed to fetch updates - TelegramUnauthorizedError: Telegram server says - Unauthorized
2026-07-12 22:25:40 [WARNING] aiogram.dispatcher: Sleep for 5.165268 seconds and try again... (tryings = 19290, bot id = 7851684074)
2026-07-12 22:25:45 [ERROR] aiogram.dispatcher: Failed to fetch updates - TelegramUnauthorizedError: Telegram server says - Unauthorized
2026-07-12 22:25:45 [WARNING] aiogram.dispatcher: Sleep for 5.031580 seconds and try again... (tryings = 19291, bot id = 7851684074)
2026-07-12 22:25:50 [ERROR] aiogram.dispatcher: Failed to fetch updates - TelegramUnauthorizedError: Telegram server says - Unauthorized
2026-07-12 22:25:50 [WARNING] aiogram.dispatcher: Sleep for 5.009429 seconds and try again... (tryings = 19292, bot id = 7851684074)
2026-07-12 22:25:55 [ERROR] aiogram.dispatcher: Failed to fetch updates - TelegramUnauthorizedError: Telegram server says - Unauthorized
2026-07-12 22:25:55 [WARNING] aiogram.dispatcher: Sleep for 5.068787 seconds and try again... (tryings = 19293, bot id = 7851684074)
2026-07-12 22:26:01 [ERROR] aiogram.dispatcher: Failed to fetch updates - TelegramUnauthorizedError: Telegram server says - Unauthorized
2026-07-12 22:26:01 [WARNING] aiogram.dispatcher: Sleep for 4.890477 seconds and try again... (tryings = 19294, bot id = 7851684074)
2026-07-12 22:26:06 [ERROR] aiogram.dispatcher: Failed to fetch updates - TelegramUnauthorizedError: Telegram server says - Unauthorized
2026-07-12 22:26:06 [WARNING] aiogram.dispatcher: Sleep for 4.981863 seconds and try again... (tryings = 19295, bot id = 7851684074)
2026-07-12 22:26:11 [ERROR] aiogram.dispatcher: Failed to fetch updates - TelegramUnauthorizedError: Telegram server says - Unauthorized
2026-07-12 22:26:11 [WARNING] aiogram.dispatcher: Sleep for 5.167722 seconds and try again... (tryings = 19296, bot id = 7851684074)
2026-07-12 22:26:16 [ERROR] aiogram.dispatcher: Failed to fetch updates - TelegramUnauthorizedError: Telegram server says - Unauthorized
2026-07-12 22:26:16 [WARNING] aiogram.dispatcher: Sleep for 4.892987 seconds and try again... (tryings = 19297, bot id = 7851684074)
2026-07-12 22:26:21 [ERROR] aiogram.dispatcher: Failed to fetch updates - TelegramUnauthorizedError: Telegram server says - Unauthorized
2026-07-12 22:26:21 [WARNING] aiogram.dispatcher: Sleep for 5.017826 seconds and try again... (tryings = 19298, bot id = 7851684074)
2026-07-12 22:26:26 [ERROR] aiogram.dispatcher: Failed to fetch updates - TelegramUnauthorizedError: Telegram server says - Unauthorized
2026-07-12 22:26:26 [WARNING] aiogram.dispatcher: Sleep for 4.930542 seconds and try again... (tryings = 19299, bot id = 7851684074)
2026-07-12 22:26:31 [ERROR] aiogram.dispatcher: Failed to fetch updates - TelegramUnauthorizedError: Telegram server says - Unauthorized
2026-07-12 22:26:31 [WARNING] aiogram.dispatcher: Sleep for 4.962108 seconds and try again... (tryings = 19300, bot id = 7851684074)
2026-07-12 22:26:37 [ERROR] aiogram.dispatcher: Failed to fetch updates - TelegramUnauthorizedError: Telegram server says - Unauthorized
2026-07-12 22:26:37 [WARNING] aiogram.dispatcher: Sleep for 5.069274 seconds and try again... (tryings = 19301, bot id = 7851684074)
2026-07-12 22:26:42 [ERROR] aiogram.dispatcher: Failed to fetch updates - TelegramUnauthorizedError: Telegram server says - Unauthorized
2026-07-12 22:26:42 [WARNING] aiogram.dispatcher: Sleep for 4.916981 seconds and try again... (tryings = 19302, bot id = 7851684074)
2026-07-12 22:26:47 [ERROR] aiogram.dispatcher: Failed to fetch updates - TelegramUnauthorizedError: Telegram server says - Unauthorized
2026-07-12 22:26:47 [WARNING] aiogram.dispatcher: Sleep for 4.971524 seconds and try again... (tryings = 19303, bot id = 7851684074)
2026-07-12 22:26:52 [ERROR] aiogram.dispatcher: Failed to fetch updates - TelegramUnauthorizedError: Telegram server says - Unauthorized
2026-07-12 22:26:52 [WARNING] aiogram.dispatcher: Sleep for 4.906759 seconds and try again... (tryings = 19304, bot id = 7851684074)
2026-07-12 22:26:53 [INFO] root: [GH-STATE] сохранено в GitHub, topics=14
2026-07-12 22:26:57 [ERROR] aiogram.dispatcher: Failed to fetch updates - TelegramUnauthorizedError: Telegram server says - Unauthorized
2026-07-12 22:26:57 [WARNING] aiogram.dispatcher: Sleep for 4.983136 seconds and try again... (tryings = 19305, bot id = 7851684074)
2026-07-12 22:27:02 [ERROR] aiogram.dispatcher: Failed to fetch updates - TelegramUnauthorizedError: Telegram server says - Unauthorized
2026-07-12 22:27:02 [WARNING] aiogram.dispatcher: Sleep for 4.906652 seconds and try again... (tryings = 19306, bot id = 7851684074)
2026-07-12 22:27:07 [ERROR] aiogram.dispatcher: Failed to fetch updates - TelegramUnauthorizedError: Telegram server says - Unauthorized
2026-07-12 22:27:07 [WARNING] aiogram.dispatcher: Sleep for 5.053494 seconds and try again... (tryings = 19307, bot id = 7851684074)
2026-07-12 22:27:12 [ERROR] aiogram.dispatcher: Failed to fetch updates - TelegramUnauthorizedError: Telegram server says - Unauthorized
2026-07-12 22:27:12 [WARNING] aiogram.dispatcher: Sleep for 4.969223 seconds and try again... (tryings = 19308, bot id = 7851684074)
2026-07-12 22:27:17 [ERROR] aiogram.dispatcher: Failed to fetch updates - TelegramUnauthorizedError: Telegram server says - Unauthorized
2026-07-12 22:27:17 [WARNING] aiogram.dispatcher: Sleep for 5.153202 seconds and try again... (tryings = 19309, bot id = 7851684074)
2026-07-12 22:27:18 [INFO] root: [GH-LOG] логи запушены в GitHub (500 строк)
2026-07-12 22:27:23 [ERROR] aiogram.dispatcher: Failed to fetch updates - TelegramUnauthorizedError: Telegram server says - Unauthorized
2026-07-12 22:27:23 [WARNING] aiogram.dispatcher: Sleep for 4.805113 seconds and try again... (tryings = 19310, bot id = 7851684074)
2026-07-12 22:27:28 [ERROR] aiogram.dispatcher: Failed to fetch updates - TelegramUnauthorizedError: Telegram server says - Unauthorized
2026-07-12 22:27:28 [WARNING] aiogram.dispatcher: Sleep for 5.043855 seconds and try again... (tryings = 19311, bot id = 7851684074)
2026-07-12 22:27:33 [ERROR] aiogram.dispatcher: Failed to fetch updates - TelegramUnauthorizedError: Telegram server says - Unauthorized
2026-07-12 22:27:33 [WARNING] aiogram.dispatcher: Sleep for 5.098798 seconds and try again... (tryings = 19312, bot id = 7851684074)
2026-07-12 22:27:38 [ERROR] aiogram.dispatcher: Failed to fetch updates - TelegramUnauthorizedError: Telegram server says - Unauthorized
2026-07-12 22:27:38 [WARNING] aiogram.dispatcher: Sleep for 5.069723 seconds and try again... (tryings = 19313, bot id = 7851684074)
2026-07-12 22:27:43 [ERROR] aiogram.dispatcher: Failed to fetch updates - TelegramUnauthorizedError: Telegram server says - Unauthorized
2026-07-12 22:27:43 [WARNING] aiogram.dispatcher: Sleep for 5.011479 seconds and try again... (tryings = 19314, bot id = 7851684074)
2026-07-12 22:27:49 [ERROR] aiogram.dispatcher: Failed to fetch updates - TelegramUnauthorizedError: Telegram server says - Unauthorized
2026-07-12 22:27:49 [WARNING] aiogram.dispatcher: Sleep for 4.887578 seconds and try again... (tryings = 19315, bot id = 7851684074)
2026-07-12 22:27:54 [ERROR] aiogram.dispatcher: Failed to fetch updates - TelegramUnauthorizedError: Telegram server says - Unauthorized
2026-07-12 22:27:54 [WARNING] aiogram.dispatcher: Sleep for 5.062394 seconds and try again... (tryings = 19316, bot id = 7851684074)
2026-07-12 22:27:59 [ERROR] aiogram.dispatcher: Failed to fetch updates - TelegramUnauthorizedError: Telegram server says - Unauthorized
2026-07-12 22:27:59 [WARNING] aiogram.dispatcher: Sleep for 4.987098 seconds and try again... (tryings = 19317, bot id = 7851684074)
2026-07-12 22:28:04 [ERROR] aiogram.dispatcher: Failed to fetch updates - TelegramUnauthorizedError: Telegram server says - Unauthorized
2026-07-12 22:28:04 [WARNING] aiogram.dispatcher: Sleep for 4.961101 seconds and try again... (tryings = 19318, bot id = 7851684074)
2026-07-12 22:28:09 [ERROR] aiogram.dispatcher: Failed to fetch updates - TelegramUnauthorizedError: Telegram server says - Unauthorized
2026-07-12 22:28:09 [WARNING] aiogram.dispatcher: Sleep for 4.937513 seconds and try again... (tryings = 19319, bot id = 7851684074)
2026-07-12 22:28:14 [ERROR] aiogram.dispatcher: Failed to fetch updates - TelegramUnauthorizedError: Telegram server says - Unauthorized
2026-07-12 22:28:14 [WARNING] aiogram.dispatcher: Sleep for 4.997793 seconds and try again... (tryings = 19320, bot id = 7851684074)
2026-07-12 22:28:19 [ERROR] aiogram.dispatcher: Failed to fetch updates - TelegramUnauthorizedError: Telegram server says - Unauthorized
2026-07-12 22:28:19 [WARNING] aiogram.dispatcher: Sleep for 5.012512 seconds and try again... (tryings = 19321, bot id = 7851684074)
2026-07-12 22:28:24 [ERROR] aiogram.dispatcher: Failed to fetch updates - TelegramUnauthorizedError: Telegram server says - Unauthorized
2026-07-12 22:28:24 [WARNING] aiogram.dispatcher: Sleep for 4.890856 seconds and try again... (tryings = 19322, bot id = 7851684074)
2026-07-12 22:28:29 [ERROR] aiogram.dispatcher: Failed to fetch updates - TelegramUnauthorizedError: Telegram server says - Unauthorized
2026-07-12 22:28:29 [WARNING] aiogram.dispatcher: Sleep for 5.083090 seconds and try again... (tryings = 19323, bot id = 7851684074)
2026-07-12 22:28:35 [ERROR] aiogram.dispatcher: Failed to fetch updates - TelegramUnauthorizedError: Telegram server says - Unauthorized
2026-07-12 22:28:35 [WARNING] aiogram.dispatcher: Sleep for 4.875165 seconds and try again... (tryings = 19324, bot id = 7851684074)
2026-07-12 22:28:40 [ERROR] aiogram.dispatcher: Failed to fetch updates - TelegramUnauthorizedError: Telegram server says - Unauthorized
2026-07-12 22:28:40 [WARNING] aiogram.dispatcher: Sleep for 5.086976 seconds and try again... (tryings = 19325, bot id = 7851684074)
2026-07-12 22:28:45 [ERROR] aiogram.dispatcher: Failed to fetch updates - TelegramUnauthorizedError: Telegram server says - Unauthorized
2026-07-12 22:28:45 [WARNING] aiogram.dispatcher: Sleep for 4.919601 seconds and try again... (tryings = 19326, bot id = 7851684074)
2026-07-12 22:28:50 [ERROR] aiogram.dispatcher: Failed to fetch updates - TelegramUnauthorizedError: Telegram server says - Unauthorized
2026-07-12 22:28:50 [WARNING] aiogram.dispatcher: Sleep for 4.883714 seconds and try again... (tryings = 19327, bot id = 7851684074)
2026-07-12 22:28:55 [ERROR] aiogram.dispatcher: Failed to fetch updates - TelegramUnauthorizedError: Telegram server says - Unauthorized
2026-07-12 22:28:55 [WARNING] aiogram.dispatcher: Sleep for 4.856498 seconds and try again... (tryings = 19328, bot id = 7851684074)
2026-07-12 22:29:00 [ERROR] aiogram.dispatcher: Failed to fetch updates - TelegramUnauthorizedError: Telegram server says - Unauthorized
2026-07-12 22:29:00 [WARNING] aiogram.dispatcher: Sleep for 4.917931 seconds and try again... (tryings = 19329, bot id = 7851684074)
2026-07-12 22:29:05 [ERROR] aiogram.dispatcher: Failed to fetch updates - TelegramUnauthorizedError: Telegram server says - Unauthorized
2026-07-12 22:29:05 [WARNING] aiogram.dispatcher: Sleep for 4.942919 seconds and try again... (tryings = 19330, bot id = 7851684074)
2026-07-12 22:29:10 [ERROR] aiogram.dispatcher: Failed to fetch updates - TelegramUnauthorizedError: Telegram server says - Unauthorized
2026-07-12 22:29:10 [WARNING] aiogram.dispatcher: Sleep for 5.021501 seconds and try again... (tryings = 19331, bot id = 7851684074)
2026-07-12 22:29:15 [ERROR] aiogram.dispatcher: Failed to fetch updates - TelegramUnauthorizedError: Telegram server says - Unauthorized
2026-07-12 22:29:15 [WARNING] aiogram.dispatcher: Sleep for 5.035020 seconds and try again... (tryings = 19332, bot id = 7851684074)
2026-07-12 22:29:21 [ERROR] aiogram.dispatcher: Failed to fetch updates - TelegramUnauthorizedError: Telegram server says - Unauthorized
2026-07-12 22:29:21 [WARNING] aiogram.dispatcher: Sleep for 5.022868 seconds and try again... (tryings = 19333, bot id = 7851684074)
2026-07-12 22:29:26 [ERROR] aiogram.dispatcher: Failed to fetch updates - TelegramUnauthorizedError: Telegram server says - Unauthorized
2026-07-12 22:29:26 [WARNING] aiogram.dispatcher: Sleep for 4.987546 seconds and try again... (tryings = 19334, bot id = 7851684074)
2026-07-12 22:29:31 [ERROR] aiogram.dispatcher: Failed to fetch updates - TelegramUnauthorizedError: Telegram server says - Unauthorized
2026-07-12 22:29:31 [WARNING] aiogram.dispatcher: Sleep for 4.943734 seconds and try again... (tryings = 19335, bot id = 7851684074)
2026-07-12 22:29:36 [ERROR] aiogram.dispatcher: Failed to fetch updates - TelegramUnauthorizedError: Telegram server says - Unauthorized
2026-07-12 22:29:36 [WARNING] aiogram.dispatcher: Sleep for 5.055222 seconds and try again... (tryings = 19336, bot id = 7851684074)
2026-07-12 22:29:41 [ERROR] aiogram.dispatcher: Failed to fetch updates - TelegramUnauthorizedError: Telegram server says - Unauthorized
2026-07-12 22:29:41 [WARNING] aiogram.dispatcher: Sleep for 5.121371 seconds and try again... (tryings = 19337, bot id = 7851684074)
2026-07-12 22:29:46 [ERROR] aiogram.dispatcher: Failed to fetch updates - TelegramUnauthorizedError: Telegram server says - Unauthorized
2026-07-12 22:29:46 [WARNING] aiogram.dispatcher: Sleep for 5.129032 seconds and try again... (tryings = 19338, bot id = 7851684074)
2026-07-12 22:29:52 [ERROR] aiogram.dispatcher: Failed to fetch updates - TelegramUnauthorizedError: Telegram server says - Unauthorized
2026-07-12 22:29:52 [WARNING] aiogram.dispatcher: Sleep for 4.933493 seconds and try again... (tryings = 19339, bot id = 7851684074)
2026-07-12 22:29:57 [ERROR] aiogram.dispatcher: Failed to fetch updates - TelegramUnauthorizedError: Telegram server says - Unauthorized
2026-07-12 22:29:57 [WARNING] aiogram.dispatcher: Sleep for 4.957072 seconds and try again... (tryings = 19340, bot id = 7851684074)
2026-07-12 22:30:02 [ERROR] aiogram.dispatcher: Failed to fetch updates - TelegramUnauthorizedError: Telegram server says - Unauthorized
2026-07-12 22:30:02 [WARNING] aiogram.dispatcher: Sleep for 4.968642 seconds and try again... (tryings = 19341, bot id = 7851684074)
2026-07-12 22:30:07 [ERROR] aiogram.dispatcher: Failed to fetch updates - TelegramUnauthorizedError: Telegram server says - Unauthorized
2026-07-12 22:30:07 [WARNING] aiogram.dispatcher: Sleep for 5.022999 seconds and try again... (tryings = 19342, bot id = 7851684074)
2026-07-12 22:30:12 [ERROR] aiogram.dispatcher: Failed to fetch updates - TelegramUnauthorizedError: Telegram server says - Unauthorized
2026-07-12 22:30:12 [WARNING] aiogram.dispatcher: Sleep for 5.015027 seconds and try again... (tryings = 19343, bot id = 7851684074)
2026-07-12 22:30:17 [ERROR] aiogram.dispatcher: Failed to fetch updates - TelegramUnauthorizedError: Telegram server says - Unauthorized
2026-07-12 22:30:17 [WARNING] aiogram.dispatcher: Sleep for 5.051939 seconds and try again... (tryings = 19344, bot id = 7851684074)
2026-07-12 22:30:22 [ERROR] aiogram.dispatcher: Failed to fetch updates - TelegramUnauthorizedError: Telegram server says - Unauthorized
2026-07-12 22:30:22 [WARNING] aiogram.dispatcher: Sleep for 5.181233 seconds and try again... (tryings = 19345, bot id = 7851684074)
2026-07-12 22:30:28 [ERROR] aiogram.dispatcher: Failed to fetch updates - TelegramUnauthorizedError: Telegram server says - Unauthorized
2026-07-12 22:30:28 [WARNING] aiogram.dispatcher: Sleep for 4.844310 seconds and try again... (tryings = 19346, bot id = 7851684074)
2026-07-12 22:30:33 [ERROR] aiogram.dispatcher: Failed to fetch updates - TelegramUnauthorizedError: Telegram server says - Unauthorized
2026-07-12 22:30:33 [WARNING] aiogram.dispatcher: Sleep for 5.059400 seconds and try again... (tryings = 19347, bot id = 7851684074)
2026-07-12 22:30:38 [ERROR] aiogram.dispatcher: Failed to fetch updates - TelegramUnauthorizedError: Telegram server says - Unauthorized
2026-07-12 22:30:38 [WARNING] aiogram.dispatcher: Sleep for 5.001615 seconds and try again... (tryings = 19348, bot id = 7851684074)
2026-07-12 22:30:43 [ERROR] aiogram.dispatcher: Failed to fetch updates - TelegramUnauthorizedError: Telegram server says - Unauthorized
2026-07-12 22:30:43 [WARNING] aiogram.dispatcher: Sleep for 5.108114 seconds and try again... (tryings = 19349, bot id = 7851684074)
2026-07-12 22:30:48 [ERROR] aiogram.dispatcher: Failed to fetch updates - TelegramUnauthorizedError: Telegram server says - Unauthorized
2026-07-12 22:30:48 [WARNING] aiogram.dispatcher: Sleep for 5.120836 seconds and try again... (tryings = 19350, bot id = 7851684074)
2026-07-12 22:30:54 [ERROR] aiogram.dispatcher: Failed to fetch updates - TelegramUnauthorizedError: Telegram server says - Unauthorized
2026-07-12 22:30:54 [WARNING] aiogram.dispatcher: Sleep for 5.037883 seconds and try again... (tryings = 19351, bot id = 7851684074)
2026-07-12 22:30:59 [ERROR] aiogram.dispatcher: Failed to fetch updates - TelegramUnauthorizedError: Telegram server says - Unauthorized
2026-07-12 22:30:59 [WARNING] aiogram.dispatcher: Sleep for 5.171803 seconds and try again... (tryings = 19352, bot id = 7851684074)
2026-07-12 22:31:04 [ERROR] aiogram.dispatcher: Failed to fetch updates - TelegramUnauthorizedError: Telegram server says - Unauthorized
2026-07-12 22:31:04 [WARNING] aiogram.dispatcher: Sleep for 4.908084 seconds and try again... (tryings = 19353, bot id = 7851684074)
2026-07-12 22:31:09 [ERROR] aiogram.dispatcher: Failed to fetch updates - TelegramUnauthorizedError: Telegram server says - Unauthorized
2026-07-12 22:31:09 [WARNING] aiogram.dispatcher: Sleep for 5.114007 seconds and try again... (tryings = 19354, bot id = 7851684074)
2026-07-12 22:31:14 [ERROR] aiogram.dispatcher: Failed to fetch updates - TelegramUnauthorizedError: Telegram server says - Unauthorized
2026-07-12 22:31:14 [WARNING] aiogram.dispatcher: Sleep for 4.952907 seconds and try again... (tryings = 19355, bot id = 7851684074)
2026-07-12 22:31:20 [ERROR] aiogram.dispatcher: Failed to fetch updates - TelegramUnauthorizedError: Telegram server says - Unauthorized
2026-07-12 22:31:20 [WARNING] aiogram.dispatcher: Sleep for 5.112561 seconds and try again... (tryings = 19356, bot id = 7851684074)
2026-07-12 22:31:25 [ERROR] aiogram.dispatcher: Failed to fetch updates - TelegramUnauthorizedError: Telegram server says - Unauthorized
2026-07-12 22:31:25 [WARNING] aiogram.dispatcher: Sleep for 4.958281 seconds and try again... (tryings = 19357, bot id = 7851684074)
2026-07-12 22:31:30 [ERROR] aiogram.dispatcher: Failed to fetch updates - TelegramUnauthorizedError: Telegram server says - Unauthorized
2026-07-12 22:31:30 [WARNING] aiogram.dispatcher: Sleep for 4.999711 seconds and try again... (tryings = 19358, bot id = 7851684074)
2026-07-12 22:31:35 [ERROR] aiogram.dispatcher: Failed to fetch updates - TelegramUnauthorizedError: Telegram server says - Unauthorized
2026-07-12 22:31:35 [WARNING] aiogram.dispatcher: Sleep for 5.276131 seconds and try again... (tryings = 19359, bot id = 7851684074)
2026-07-12 22:31:40 [ERROR] aiogram.dispatcher: Failed to fetch updates - TelegramUnauthorizedError: Telegram server says - Unauthorized
2026-07-12 22:31:40 [WARNING] aiogram.dispatcher: Sleep for 5.122532 seconds and try again... (tryings = 19360, bot id = 7851684074)
2026-07-12 22:31:46 [ERROR] aiogram.dispatcher: Failed to fetch updates - TelegramUnauthorizedError: Telegram server says - Unauthorized
2026-07-12 22:31:46 [WARNING] aiogram.dispatcher: Sleep for 5.077918 seconds and try again... (tryings = 19361, bot id = 7851684074)
2026-07-12 22:31:51 [ERROR] aiogram.dispatcher: Failed to fetch updates - TelegramUnauthorizedError: Telegram server says - Unauthorized
2026-07-12 22:31:51 [WARNING] aiogram.dispatcher: Sleep for 4.996407 seconds and try again... (tryings = 19362, bot id = 7851684074)
2026-07-12 22:31:56 [ERROR] aiogram.dispatcher: Failed to fetch updates - TelegramUnauthorizedError: Telegram server says - Unauthorized
2026-07-12 22:31:56 [WARNING] aiogram.dispatcher: Sleep for 4.929956 seconds and try again... (tryings = 19363, bot id = 7851684074)
2026-07-12 22:32:01 [ERROR] aiogram.dispatcher: Failed to fetch updates - TelegramUnauthorizedError: Telegram server says - Unauthorized
2026-07-12 22:32:01 [WARNING] aiogram.dispatcher: Sleep for 5.129052 seconds and try again... (tryings = 19364, bot id = 7851684074)
2026-07-12 22:32:06 [ERROR] aiogram.dispatcher: Failed to fetch updates - TelegramUnauthorizedError: Telegram server says - Unauthorized
2026-07-12 22:32:06 [WARNING] aiogram.dispatcher: Sleep for 4.953521 seconds and try again... (tryings = 19365, bot id = 7851684074)
2026-07-12 22:32:12 [ERROR] aiogram.dispatcher: Failed to fetch updates - TelegramUnauthorizedError: Telegram server says - Unauthorized
2026-07-12 22:32:12 [WARNING] aiogram.dispatcher: Sleep for 4.999628 seconds and try again... (tryings = 19366, bot id = 7851684074)
2026-07-12 22:32:17 [ERROR] aiogram.dispatcher: Failed to fetch updates - TelegramUnauthorizedError: Telegram server says - Unauthorized
2026-07-12 22:32:17 [WARNING] aiogram.dispatcher: Sleep for 5.006160 seconds and try again... (tryings = 19367, bot id = 7851684074)
2026-07-12 22:32:19 [INFO] root: [GH-LOG] логи запушены в GitHub (500 строк)
2026-07-12 22:32:22 [ERROR] aiogram.dispatcher: Failed to fetch updates - TelegramUnauthorizedError: Telegram server says - Unauthorized
2026-07-12 22:32:22 [WARNING] aiogram.dispatcher: Sleep for 5.002185 seconds and try again... (tryings = 19368, bot id = 7851684074)
2026-07-12 22:32:27 [ERROR] aiogram.dispatcher: Failed to fetch updates - TelegramUnauthorizedError: Telegram server says - Unauthorized
2026-07-12 22:32:27 [WARNING] aiogram.dispatcher: Sleep for 4.871457 seconds and try again... (tryings = 19369, bot id = 7851684074)
2026-07-12 22:32:32 [ERROR] aiogram.dispatcher: Failed to fetch updates - TelegramUnauthorizedError: Telegram server says - Unauthorized
2026-07-12 22:32:32 [WARNING] aiogram.dispatcher: Sleep for 4.968363 seconds and try again... (tryings = 19370, bot id = 7851684074)
2026-07-12 22:32:37 [ERROR] aiogram.dispatcher: Failed to fetch updates - TelegramUnauthorizedError: Telegram server says - Unauthorized
2026-07-12 22:32:37 [WARNING] aiogram.dispatcher: Sleep for 5.064239 seconds and try again... (tryings = 19371, bot id = 7851684074)
2026-07-12 22:32:42 [ERROR] aiogram.dispatcher: Failed to fetch updates - TelegramUnauthorizedError: Telegram server says - Unauthorized
2026-07-12 22:32:42 [WARNING] aiogram.dispatcher: Sleep for 5.149264 seconds and try again... (tryings = 19372, bot id = 7851684074)
2026-07-12 22:32:48 [ERROR] aiogram.dispatcher: Failed to fetch updates - TelegramUnauthorizedError: Telegram server says - Unauthorized
2026-07-12 22:32:48 [WARNING] aiogram.dispatcher: Sleep for 4.877206 seconds and try again... (tryings = 19373, bot id = 7851684074)
2026-07-12 22:32:53 [ERROR] aiogram.dispatcher: Failed to fetch updates - TelegramUnauthorizedError: Telegram server says - Unauthorized
2026-07-12 22:32:53 [WARNING] aiogram.dispatcher: Sleep for 5.041108 seconds and try again... (tryings = 19374, bot id = 7851684074)
2026-07-12 22:32:58 [ERROR] aiogram.dispatcher: Failed to fetch updates - TelegramUnauthorizedError: Telegram server says - Unauthorized
2026-07-12 22:32:58 [WARNING] aiogram.dispatcher: Sleep for 5.006829 seconds and try again... (tryings = 19375, bot id = 7851684074)
2026-07-12 22:33:03 [ERROR] aiogram.dispatcher: Failed to fetch updates - TelegramUnauthorizedError: Telegram server says - Unauthorized
2026-07-12 22:33:03 [WARNING] aiogram.dispatcher: Sleep for 4.872295 seconds and try again... (tryings = 19376, bot id = 7851684074)
2026-07-12 22:33:08 [ERROR] aiogram.dispatcher: Failed to fetch updates - TelegramUnauthorizedError: Telegram server says - Unauthorized
2026-07-12 22:33:08 [WARNING] aiogram.dispatcher: Sleep for 5.042128 seconds and try again... (tryings = 19377, bot id = 7851684074)
2026-07-12 22:33:13 [ERROR] aiogram.dispatcher: Failed to fetch updates - TelegramUnauthorizedError: Telegram server says - Unauthorized
2026-07-12 22:33:13 [WARNING] aiogram.dispatcher: Sleep for 5.042723 seconds and try again... (tryings = 19378, bot id = 7851684074)
2026-07-12 22:33:18 [ERROR] aiogram.dispatcher: Failed to fetch updates - TelegramUnauthorizedError: Telegram server says - Unauthorized
2026-07-12 22:33:18 [WARNING] aiogram.dispatcher: Sleep for 5.100625 seconds and try again... (tryings = 19379, bot id = 7851684074)
2026-07-12 22:33:24 [ERROR] aiogram.dispatcher: Failed to fetch updates - TelegramUnauthorizedError: Telegram server says - Unauthorized
2026-07-12 22:33:24 [WARNING] aiogram.dispatcher: Sleep for 4.955749 seconds and try again... (tryings = 19380, bot id = 7851684074)
2026-07-12 22:33:29 [ERROR] aiogram.dispatcher: Failed to fetch updates - TelegramUnauthorizedError: Telegram server says - Unauthorized
2026-07-12 22:33:29 [WARNING] aiogram.dispatcher: Sleep for 5.155284 seconds and try again... (tryings = 19381, bot id = 7851684074)
2026-07-12 22:33:34 [ERROR] aiogram.dispatcher: Failed to fetch updates - TelegramUnauthorizedError: Telegram server says - Unauthorized
2026-07-12 22:33:34 [WARNING] aiogram.dispatcher: Sleep for 5.082420 seconds and try again... (tryings = 19382, bot id = 7851684074)
2026-07-12 22:33:39 [ERROR] aiogram.dispatcher: Failed to fetch updates - TelegramUnauthorizedError: Telegram server says - Unauthorized
2026-07-12 22:33:39 [WARNING] aiogram.dispatcher: Sleep for 5.079776 seconds and try again... (tryings = 19383, bot id = 7851684074)
2026-07-12 22:33:44 [ERROR] aiogram.dispatcher: Failed to fetch updates - TelegramUnauthorizedError: Telegram server says - Unauthorized
2026-07-12 22:33:44 [WARNING] aiogram.dispatcher: Sleep for 4.837817 seconds and try again... (tryings = 19384, bot id = 7851684074)
2026-07-12 22:33:49 [ERROR] aiogram.dispatcher: Failed to fetch updates - TelegramUnauthorizedError: Telegram server says - Unauthorized
2026-07-12 22:33:49 [WARNING] aiogram.dispatcher: Sleep for 4.852508 seconds and try again... (tryings = 19385, bot id = 7851684074)
2026-07-12 22:33:54 [ERROR] aiogram.dispatcher: Failed to fetch updates - TelegramUnauthorizedError: Telegram server says - Unauthorized
2026-07-12 22:33:54 [WARNING] aiogram.dispatcher: Sleep for 4.912298 seconds and try again... (tryings = 19386, bot id = 7851684074)
2026-07-12 22:34:00 [ERROR] aiogram.dispatcher: Failed to fetch updates - TelegramUnauthorizedError: Telegram server says - Unauthorized
2026-07-12 22:34:00 [WARNING] aiogram.dispatcher: Sleep for 5.064013 seconds and try again... (tryings = 19387, bot id = 7851684074)
2026-07-12 22:34:05 [ERROR] aiogram.dispatcher: Failed to fetch updates - TelegramUnauthorizedError: Telegram server says - Unauthorized
2026-07-12 22:34:05 [WARNING] aiogram.dispatcher: Sleep for 4.824148 seconds and try again... (tryings = 19388, bot id = 7851684074)
2026-07-12 22:34:10 [ERROR] aiogram.dispatcher: Failed to fetch updates - TelegramUnauthorizedError: Telegram server says - Unauthorized
2026-07-12 22:34:10 [WARNING] aiogram.dispatcher: Sleep for 5.004746 seconds and try again... (tryings = 19389, bot id = 7851684074)
2026-07-12 22:34:15 [ERROR] aiogram.dispatcher: Failed to fetch updates - TelegramUnauthorizedError: Telegram server says - Unauthorized
2026-07-12 22:34:15 [WARNING] aiogram.dispatcher: Sleep for 5.008456 seconds and try again... (tryings = 19390, bot id = 7851684074)
2026-07-12 22:34:20 [ERROR] aiogram.dispatcher: Failed to fetch updates - TelegramUnauthorizedError: Telegram server says - Unauthorized
2026-07-12 22:34:20 [WARNING] aiogram.dispatcher: Sleep for 4.865845 seconds and try again... (tryings = 19391, bot id = 7851684074)
2026-07-12 22:34:25 [ERROR] aiogram.dispatcher: Failed to fetch updates - TelegramUnauthorizedError: Telegram server says - Unauthorized
2026-07-12 22:34:25 [WARNING] aiogram.dispatcher: Sleep for 4.863454 seconds and try again... (tryings = 19392, bot id = 7851684074)
2026-07-12 22:34:30 [ERROR] aiogram.dispatcher: Failed to fetch updates - TelegramUnauthorizedError: Telegram server says - Unauthorized
2026-07-12 22:34:30 [WARNING] aiogram.dispatcher: Sleep for 5.067704 seconds and try again... (tryings = 19393, bot id = 7851684074)
2026-07-12 22:34:35 [ERROR] aiogram.dispatcher: Failed to fetch updates - TelegramUnauthorizedError: Telegram server says - Unauthorized
2026-07-12 22:34:35 [WARNING] aiogram.dispatcher: Sleep for 5.037688 seconds and try again... (tryings = 19394, bot id = 7851684074)
2026-07-12 22:34:40 [ERROR] aiogram.dispatcher: Failed to fetch updates - TelegramUnauthorizedError: Telegram server says - Unauthorized
2026-07-12 22:34:40 [WARNING] aiogram.dispatcher: Sleep for 4.879928 seconds and try again... (tryings = 19395, bot id = 7851684074)
2026-07-12 22:34:45 [ERROR] aiogram.dispatcher: Failed to fetch updates - TelegramUnauthorizedError: Telegram server says - Unauthorized
2026-07-12 22:34:45 [WARNING] aiogram.dispatcher: Sleep for 5.026197 seconds and try again... (tryings = 19396, bot id = 7851684074)
2026-07-12 22:34:51 [ERROR] aiogram.dispatcher: Failed to fetch updates - TelegramUnauthorizedError: Telegram server says - Unauthorized
2026-07-12 22:34:51 [WARNING] aiogram.dispatcher: Sleep for 4.975206 seconds and try again... (tryings = 19397, bot id = 7851684074)
2026-07-12 22:34:56 [ERROR] aiogram.dispatcher: Failed to fetch updates - TelegramUnauthorizedError: Telegram server says - Unauthorized
2026-07-12 22:34:56 [WARNING] aiogram.dispatcher: Sleep for 4.845903 seconds and try again... (tryings = 19398, bot id = 7851684074)
2026-07-12 22:35:01 [ERROR] aiogram.dispatcher: Failed to fetch updates - TelegramUnauthorizedError: Telegram server says - Unauthorized
2026-07-12 22:35:01 [WARNING] aiogram.dispatcher: Sleep for 5.094888 seconds and try again... (tryings = 19399, bot id = 7851684074)
2026-07-12 22:35:06 [ERROR] aiogram.dispatcher: Failed to fetch updates - TelegramUnauthorizedError: Telegram server says - Unauthorized
2026-07-12 22:35:06 [WARNING] aiogram.dispatcher: Sleep for 5.121999 seconds and try again... (tryings = 19400, bot id = 7851684074)
2026-07-12 22:35:11 [ERROR] aiogram.dispatcher: Failed to fetch updates - TelegramUnauthorizedError: Telegram server says - Unauthorized
2026-07-12 22:35:11 [WARNING] aiogram.dispatcher: Sleep for 4.883931 seconds and try again... (tryings = 19401, bot id = 7851684074)
2026-07-12 22:35:16 [ERROR] aiogram.dispatcher: Failed to fetch updates - TelegramUnauthorizedError: Telegram server says - Unauthorized
2026-07-12 22:35:16 [WARNING] aiogram.dispatcher: Sleep for 4.981361 seconds and try again... (tryings = 19402, bot id = 7851684074)
2026-07-12 22:35:21 [ERROR] aiogram.dispatcher: Failed to fetch updates - TelegramUnauthorizedError: Telegram server says - Unauthorized
2026-07-12 22:35:21 [WARNING] aiogram.dispatcher: Sleep for 5.221196 seconds and try again... (tryings = 19403, bot id = 7851684074)
2026-07-12 22:35:27 [ERROR] aiogram.dispatcher: Failed to fetch updates - TelegramUnauthorizedError: Telegram server says - Unauthorized
2026-07-12 22:35:27 [WARNING] aiogram.dispatcher: Sleep for 4.932506 seconds and try again... (tryings = 19404, bot id = 7851684074)
2026-07-12 22:35:32 [ERROR] aiogram.dispatcher: Failed to fetch updates - TelegramUnauthorizedError: Telegram server says - Unauthorized
2026-07-12 22:35:32 [WARNING] aiogram.dispatcher: Sleep for 4.943411 seconds and try again... (tryings = 19405, bot id = 7851684074)
2026-07-12 22:35:37 [ERROR] aiogram.dispatcher: Failed to fetch updates - TelegramUnauthorizedError: Telegram server says - Unauthorized
2026-07-12 22:35:37 [WARNING] aiogram.dispatcher: Sleep for 5.037359 seconds and try again... (tryings = 19406, bot id = 7851684074)
2026-07-12 22:35:42 [ERROR] aiogram.dispatcher: Failed to fetch updates - TelegramUnauthorizedError: Telegram server says - Unauthorized
2026-07-12 22:35:42 [WARNING] aiogram.dispatcher: Sleep for 4.982962 seconds and try again... (tryings = 19407, bot id = 7851684074)
2026-07-12 22:35:47 [ERROR] aiogram.dispatcher: Failed to fetch updates - TelegramUnauthorizedError: Telegram server says - Unauthorized
2026-07-12 22:35:47 [WARNING] aiogram.dispatcher: Sleep for 4.903484 seconds and try again... (tryings = 19408, bot id = 7851684074)
2026-07-12 22:35:52 [ERROR] aiogram.dispatcher: Failed to fetch updates - TelegramUnauthorizedError: Telegram server says - Unauthorized
2026-07-12 22:35:52 [WARNING] aiogram.dispatcher: Sleep for 5.013778 seconds and try again... (tryings = 19409, bot id = 7851684074)
2026-07-12 22:35:57 [ERROR] aiogram.dispatcher: Failed to fetch updates - TelegramUnauthorizedError: Telegram server says - Unauthorized
2026-07-12 22:35:57 [WARNING] aiogram.dispatcher: Sleep for 4.899712 seconds and try again... (tryings = 19410, bot id = 7851684074)
2026-07-12 22:36:02 [ERROR] aiogram.dispatcher: Failed to fetch updates - TelegramUnauthorizedError: Telegram server says - Unauthorized
2026-07-12 22:36:02 [WARNING] aiogram.dispatcher: Sleep for 5.102841 seconds and try again... (tryings = 19411, bot id = 7851684074)
2026-07-12 22:36:08 [ERROR] aiogram.dispatcher: Failed to fetch updates - TelegramUnauthorizedError: Telegram server says - Unauthorized
2026-07-12 22:36:08 [WARNING] aiogram.dispatcher: Sleep for 4.981024 seconds and try again... (tryings = 19412, bot id = 7851684074)
2026-07-12 22:36:13 [ERROR] aiogram.dispatcher: Failed to fetch updates - TelegramUnauthorizedError: Telegram server says - Unauthorized
2026-07-12 22:36:13 [WARNING] aiogram.dispatcher: Sleep for 5.018570 seconds and try again... (tryings = 19413, bot id = 7851684074)
2026-07-12 22:36:18 [ERROR] aiogram.dispatcher: Failed to fetch updates - TelegramUnauthorizedError: Telegram server says - Unauthorized
2026-07-12 22:36:18 [WARNING] aiogram.dispatcher: Sleep for 5.014647 seconds and try again... (tryings = 19414, bot id = 7851684074)
2026-07-12 22:36:23 [ERROR] aiogram.dispatcher: Failed to fetch updates - TelegramUnauthorizedError: Telegram server says - Unauthorized
2026-07-12 22:36:23 [WARNING] aiogram.dispatcher: Sleep for 5.089149 seconds and try again... (tryings = 19415, bot id = 7851684074)
2026-07-12 22:36:28 [ERROR] aiogram.dispatcher: Failed to fetch updates - TelegramUnauthorizedError: Telegram server says - Unauthorized
2026-07-12 22:36:28 [WARNING] aiogram.dispatcher: Sleep for 4.968389 seconds and try again... (tryings = 19416, bot id = 7851684074)
2026-07-12 22:36:34 [ERROR] aiogram.dispatcher: Failed to fetch updates - TelegramUnauthorizedError: Telegram server says - Unauthorized
2026-07-12 22:36:34 [WARNING] aiogram.dispatcher: Sleep for 5.043284 seconds and try again... (tryings = 19417, bot id = 7851684074)
2026-07-12 22:36:39 [ERROR] aiogram.dispatcher: Failed to fetch updates - TelegramUnauthorizedError: Telegram server says - Unauthorized
2026-07-12 22:36:39 [WARNING] aiogram.dispatcher: Sleep for 4.976460 seconds and try again... (tryings = 19418, bot id = 7851684074)
2026-07-12 22:36:45 [ERROR] aiogram.dispatcher: Failed to fetch updates - TelegramUnauthorizedError: Telegram server says - Unauthorized
2026-07-12 22:36:45 [WARNING] aiogram.dispatcher: Sleep for 4.920168 seconds and try again... (tryings = 19419, bot id = 7851684074)
2026-07-12 22:36:50 [ERROR] aiogram.dispatcher: Failed to fetch updates - TelegramUnauthorizedError: Telegram server says - Unauthorized
2026-07-12 22:36:50 [WARNING] aiogram.dispatcher: Sleep for 5.169083 seconds and try again... (tryings = 19420, bot id = 7851684074)
2026-07-12 22:36:55 [INFO] root: [GH-STATE] сохранено в GitHub, topics=14
2026-07-12 22:36:56 [ERROR] aiogram.dispatcher: Failed to fetch updates - TelegramUnauthorizedError: Telegram server says - Unauthorized
2026-07-12 22:36:56 [WARNING] aiogram.dispatcher: Sleep for 4.985029 seconds and try again... (tryings = 19421, bot id = 7851684074)
2026-07-12 22:37:01 [ERROR] aiogram.dispatcher: Failed to fetch updates - TelegramUnauthorizedError: Telegram server says - Unauthorized
2026-07-12 22:37:01 [WARNING] aiogram.dispatcher: Sleep for 4.995680 seconds and try again... (tryings = 19422, bot id = 7851684074)
2026-07-12 22:37:06 [ERROR] aiogram.dispatcher: Failed to fetch updates - TelegramUnauthorizedError: Telegram server says - Unauthorized
2026-07-12 22:37:06 [WARNING] aiogram.dispatcher: Sleep for 5.073978 seconds and try again... (tryings = 19423, bot id = 7851684074)
2026-07-12 22:37:11 [ERROR] aiogram.dispatcher: Failed to fetch updates - TelegramUnauthorizedError: Telegram server says - Unauthorized
2026-07-12 22:37:11 [WARNING] aiogram.dispatcher: Sleep for 4.980971 seconds and try again... (tryings = 19424, bot id = 7851684074)
2026-07-12 22:37:16 [ERROR] aiogram.dispatcher: Failed to fetch updates - TelegramUnauthorizedError: Telegram server says - Unauthorized
2026-07-12 22:37:16 [WARNING] aiogram.dispatcher: Sleep for 4.943617 seconds and try again... (tryings = 19425, bot id = 7851684074)