2026-06-26 17:49:21,644 [INFO] Connecting...
2026-06-26 17:49:21,718 [INFO] Connected! Production DC1 - IPv4
2026-06-26 17:49:21,719 [INFO] NetworkTask started
2026-06-26 17:49:22,072 [INFO] Session initialized: Layer 158
2026-06-26 17:49:22,073 [INFO] Device: CPython 3.11.15 - Pyrogram 2.0.106
2026-06-26 17:49:22,073 [INFO] System: Linux 6.18.15+deb13-cloud-amd64 (en)
2026-06-26 17:49:22,073 [INFO] Session started
2026-06-26 17:49:22,073 [INFO] PingTask started
2026-06-26 17:49:22,247 [INFO] Started 32 HandlerTasks
2026-06-26 17:49:22,247 [INFO] [userbot] запущен
2026-06-26 17:49:22,286 [ERROR] Task exception was never retrieved
future: <Task finished name='Task-78' coro=<Client.handle_updates() done, defined at /usr/local/lib/python3.11/site-packages/pyrogram/client.py:535> exception=ValueError('Peer id invalid: -1003824081307')>
Traceback (most recent call last):
  File "/usr/local/lib/python3.11/site-packages/pyrogram/methods/advanced/resolve_peer.py", line 62, in resolve_peer
    return await self.storage.get_peer_by_id(peer_id)
           ^^^^^^^^^^^^^^^^^^^^^^^^^^^^^^^^^^^^^^^^^^
  File "/usr/local/lib/python3.11/site-packages/pyrogram/storage/sqlite_storage.py", line 142, in get_peer_by_id
    raise KeyError(f"ID not found: {peer_id}")
KeyError: 'ID not found: -1003824081307'

During handling of the above exception, another exception occurred:

Traceback (most recent call last):
  File "/usr/local/lib/python3.11/site-packages/pyrogram/client.py", line 569, in handle_updates
    channel=await self.resolve_peer(utils.get_channel_id(channel_id)),
            ^^^^^^^^^^^^^^^^^^^^^^^^^^^^^^^^^^^^^^^^^^^^^^^^^^^^^^^^^
  File "/usr/local/lib/python3.11/site-packages/pyrogram/methods/advanced/resolve_peer.py", line 89, in resolve_peer
    peer_type = utils.get_peer_type(peer_id)
                ^^^^^^^^^^^^^^^^^^^^^^^^^^^^
  File "/usr/local/lib/python3.11/site-packages/pyrogram/utils.py", line 246, in get_peer_type
    raise ValueError(f"Peer id invalid: {peer_id}")
ValueError: Peer id invalid: -1003824081307
2026-06-26 17:49:22,333 [INFO] [userbot] аккаунт: Меза (id=8573476514)
2026-06-26 17:49:24,804 [INFO] [userbot] кэш прогрет: 123 диалогов
2026-06-26 17:49:24,804 [INFO] [userbot] готов. Пиши команды в Избранное (Saved Messages)
2026-06-26 17:49:24,892 [INFO] [poll] инициализирован, last_seen_id=5453
2026-06-26 17:49:37,255 [INFO] [poll] новое сообщение id=5454: '/stop'
2026-06-26 17:49:37,255 [INFO] [cmd] /stop
2026-06-26 17:49:40,708 [INFO] [log-push] логи отправлены в GitHub
2026-06-26 17:49:40,794 [INFO] [poll] новое сообщение id=5455: 'ℹ️ Рассылка не активна.'
2026-06-26 17:50:58,137 [INFO] [poll] новое сообщение id=5456: '/spam (@)sliv862 - то что ты ищешь🍒🍑'
2026-06-26 17:50:58,137 [INFO] [cmd] /spam: '(@)sliv862 - то что ты ищешь🍒🍑'
2026-06-26 17:51:04,205 [INFO] [spam] доступных групп: 37
2026-06-26 17:51:07,484 [INFO] [poll] новое сообщение id=5458: '✅ Рассылка запущена\n📝 (@)sliv862 - то что ты ищешь🍒🍑\n💬 Г'
2026-06-26 17:51:09,689 [INFO] [spam] доступных групп: 37
2026-06-26 17:51:21,852 [WARNING] [spammer] Waiting for 3 seconds before continuing (required by "messages.SendMessage")